<?xml version="1.0" encoding="UTF-8"?>
<!-- Generated by org.testng.reporters.JUnitReportReporter -->
<testsuite skipped="0" hostname="MAVBCP27" name="com.drill.runners.CucumberTestRunner" tests="1" failures="0" timestamp="26 May 2020 14:19:57 GMT" time="27.886" errors="0">
  <testcase name="feature" time="27.886" classname="com.drill.runners.CucumberTestRunner"/>
</testsuite> <!-- com.drill.runners.CucumberTestRunner -->
